{"/home/olga/Desktop/tictactrip_test_frontend/src/App.tsx": {"path":"/home/olga/Desktop/tictactrip_test_frontend/src/App.tsx","statementMap":{"0":{"start":{"line":10,"column":26},"end":{"line":14,"column":4}},"1":{"start":{"line":16,"column":2},"end":{"line":27,"column":4}}},"fnMap":{"0":{"name":"App","decl":{"start":{"line":9,"column":9},"end":{"line":9,"column":12}},"loc":{"start":{"line":9,"column":15},"end":{"line":28,"column":1}},"line":9}},"branchMap":{},"s":{"0":1,"1":1},"f":{"0":1},"b":{},"_coverageSchema":"1a1c01bbd47fc00a2c39e90264f33305004495a9","hash":"8c348a919ee07e294d58df0b9d4744156c8380c3"}
,"/home/olga/Desktop/tictactrip_test_frontend/src/index.tsx": {"path":"/home/olga/Desktop/tictactrip_test_frontend/src/index.tsx","statementMap":{"0":{"start":{"line":5,"column":13},"end":{"line":7,"column":1}},"1":{"start":{"line":8,"column":0},"end":{"line":8,"column":21}}},"fnMap":{},"branchMap":{},"s":{"0":0,"1":0},"f":{},"b":{}}
,"/home/olga/Desktop/tictactrip_test_frontend/src/components/Itinerary.tsx": {"path":"/home/olga/Desktop/tictactrip_test_frontend/src/components/Itinerary.tsx","statementMap":{"0":{"start":{"line":3,"column":18},"end":{"line":106,"column":1}},"1":{"start":{"line":4,"column":2},"end":{"line":105,"column":4}}},"fnMap":{"0":{"name":"(anonymous_0)","decl":{"start":{"line":3,"column":18},"end":{"line":3,"column":19}},"loc":{"start":{"line":3,"column":24},"end":{"line":106,"column":1}},"line":3}},"branchMap":{},"s":{"0":0,"1":0},"f":{"0":0},"b":{}}
,"/home/olga/Desktop/tictactrip_test_frontend/src/components/Itinerary1.tsx": {"path":"/home/olga/Desktop/tictactrip_test_frontend/src/components/Itinerary1.tsx","statementMap":{"0":{"start":{"line":33,"column":18},"end":{"line":323,"column":1}},"1":{"start":{"line":34,"column":38},"end":{"line":34,"column":58}},"2":{"start":{"line":35,"column":38},"end":{"line":35,"column":58}},"3":{"start":{"line":37,"column":36},"end":{"line":37,"column":59}},"4":{"start":{"line":41,"column":36},"end":{"line":45,"column":4}},"5":{"start":{"line":47,"column":40},"end":{"line":51,"column":3}},"6":{"start":{"line":53,"column":37},"end":{"line":60,"column":3}},"7":{"start":{"line":56,"column":4},"end":{"line":59,"column":7}},"8":{"start":{"line":63,"column":39},"end":{"line":70,"column":3}},"9":{"start":{"line":66,"column":4},"end":{"line":69,"column":7}},"10":{"start":{"line":75,"column":50},"end":{"line":75,"column":74}},"11":{"start":{"line":77,"column":2},"end":{"line":96,"column":62}},"12":{"start":{"line":78,"column":4},"end":{"line":90,"column":5}},"13":{"start":{"line":79,"column":24},"end":{"line":79,"column":26}},"14":{"start":{"line":80,"column":6},"end":{"line":88,"column":7}},"15":{"start":{"line":81,"column":8},"end":{"line":84,"column":10}},"16":{"start":{"line":85,"column":8},"end":{"line":85,"column":91}},"17":{"start":{"line":87,"column":8},"end":{"line":87,"column":60}},"18":{"start":{"line":89,"column":6},"end":{"line":89,"column":36}},"19":{"start":{"line":91,"column":4},"end":{"line":95,"column":7}},"20":{"start":{"line":102,"column":54},"end":{"line":102,"column":78}},"21":{"start":{"line":104,"column":2},"end":{"line":119,"column":64}},"22":{"start":{"line":105,"column":4},"end":{"line":113,"column":5}},"23":{"start":{"line":106,"column":24},"end":{"line":106,"column":26}},"24":{"start":{"line":107,"column":6},"end":{"line":111,"column":7}},"25":{"start":{"line":108,"column":8},"end":{"line":108,"column":91}},"26":{"start":{"line":110,"column":8},"end":{"line":110,"column":60}},"27":{"start":{"line":112,"column":6},"end":{"line":112,"column":36}},"28":{"start":{"line":114,"column":4},"end":{"line":118,"column":7}},"29":{"start":{"line":122,"column":2},"end":{"line":134,"column":31}},"30":{"start":{"line":123,"column":4},"end":{"line":127,"column":5}},"31":{"start":{"line":124,"column":6},"end":{"line":124,"column":33}},"32":{"start":{"line":125,"column":18},"end":{"line":125,"column":94}},"33":{"start":{"line":126,"column":6},"end":{"line":126,"column":36}},"34":{"start":{"line":128,"column":4},"end":{"line":128,"column":67}},"35":{"start":{"line":128,"column":41},"end":{"line":128,"column":67}},"36":{"start":{"line":129,"column":4},"end":{"line":133,"column":7}},"37":{"start":{"line":138,"column":2},"end":{"line":150,"column":33}},"38":{"start":{"line":139,"column":4},"end":{"line":143,"column":5}},"39":{"start":{"line":140,"column":6},"end":{"line":140,"column":35}},"40":{"start":{"line":141,"column":18},"end":{"line":141,"column":96}},"41":{"start":{"line":142,"column":6},"end":{"line":142,"column":36}},"42":{"start":{"line":144,"column":4},"end":{"line":144,"column":71}},"43":{"start":{"line":144,"column":43},"end":{"line":144,"column":71}},"44":{"start":{"line":145,"column":4},"end":{"line":149,"column":7}},"45":{"start":{"line":153,"column":50},"end":{"line":153,"column":74}},"46":{"start":{"line":155,"column":4},"end":{"line":155,"column":38}},"47":{"start":{"line":156,"column":44},"end":{"line":156,"column":59}},"48":{"start":{"line":158,"column":4},"end":{"line":158,"column":35}},"49":{"start":{"line":162,"column":4},"end":{"line":168,"column":5}},"50":{"start":{"line":162,"column":43},"end":{"line":168,"column":5}},"51":{"start":{"line":164,"column":6},"end":{"line":164,"column":48}},"52":{"start":{"line":165,"column":6},"end":{"line":165,"column":79}},"53":{"start":{"line":165,"column":33},"end":{"line":165,"column":77}},"54":{"start":{"line":166,"column":6},"end":{"line":166,"column":44}},"55":{"start":{"line":167,"column":6},"end":{"line":167,"column":32}},"56":{"start":{"line":171,"column":54},"end":{"line":171,"column":78}},"57":{"start":{"line":173,"column":4},"end":{"line":173,"column":38}},"58":{"start":{"line":174,"column":48},"end":{"line":174,"column":63}},"59":{"start":{"line":176,"column":4},"end":{"line":176,"column":35}},"60":{"start":{"line":180,"column":4},"end":{"line":188,"column":5}},"61":{"start":{"line":180,"column":43},"end":{"line":188,"column":5}},"62":{"start":{"line":182,"column":6},"end":{"line":182,"column":34}},"63":{"start":{"line":183,"column":6},"end":{"line":183,"column":50}},"64":{"start":{"line":184,"column":6},"end":{"line":186,"column":8}},"65":{"start":{"line":185,"column":18},"end":{"line":185,"column":64}},"66":{"start":{"line":187,"column":6},"end":{"line":187,"column":46}},"67":{"start":{"line":191,"column":19},"end":{"line":191,"column":56}},"68":{"start":{"line":192,"column":40},"end":{"line":192,"column":59}},"69":{"start":{"line":193,"column":2},"end":{"line":196,"column":17}},"70":{"start":{"line":194,"column":23},"end":{"line":194,"column":57}},"71":{"start":{"line":195,"column":4},"end":{"line":195,"column":31}},"72":{"start":{"line":204,"column":2},"end":{"line":208,"column":25}},"73":{"start":{"line":205,"column":4},"end":{"line":207,"column":5}},"74":{"start":{"line":206,"column":6},"end":{"line":206,"column":30}},"75":{"start":{"line":214,"column":2},"end":{"line":218,"column":27}},"76":{"start":{"line":215,"column":4},"end":{"line":217,"column":5}},"77":{"start":{"line":216,"column":6},"end":{"line":216,"column":32}},"78":{"start":{"line":220,"column":2},"end":{"line":322,"column":4}},"79":{"start":{"line":310,"column":39},"end":{"line":310,"column":57}},"80":{"start":{"line":311,"column":39},"end":{"line":311,"column":55}},"81":{"start":{"line":312,"column":16},"end":{"line":312,"column":39}},"82":{"start":{"line":313,"column":16},"end":{"line":313,"column":41}}},"fnMap":{"0":{"name":"(anonymous_0)","decl":{"start":{"line":33,"column":18},"end":{"line":33,"column":19}},"loc":{"start":{"line":33,"column":24},"end":{"line":323,"column":1}},"line":33},"1":{"name":"(anonymous_1)","decl":{"start":{"line":53,"column":37},"end":{"line":53,"column":38}},"loc":{"start":{"line":55,"column":13},"end":{"line":60,"column":3}},"line":55},"2":{"name":"(anonymous_2)","decl":{"start":{"line":63,"column":39},"end":{"line":63,"column":40}},"loc":{"start":{"line":65,"column":13},"end":{"line":70,"column":3}},"line":65},"3":{"name":"(anonymous_3)","decl":{"start":{"line":77,"column":12},"end":{"line":77,"column":13}},"loc":{"start":{"line":77,"column":18},"end":{"line":96,"column":3}},"line":77},"4":{"name":"(anonymous_4)","decl":{"start":{"line":104,"column":12},"end":{"line":104,"column":13}},"loc":{"start":{"line":104,"column":18},"end":{"line":119,"column":3}},"line":104},"5":{"name":"(anonymous_5)","decl":{"start":{"line":122,"column":12},"end":{"line":122,"column":13}},"loc":{"start":{"line":122,"column":18},"end":{"line":134,"column":3}},"line":122},"6":{"name":"(anonymous_6)","decl":{"start":{"line":138,"column":12},"end":{"line":138,"column":13}},"loc":{"start":{"line":138,"column":18},"end":{"line":150,"column":3}},"line":138},"7":{"name":"(anonymous_7)","decl":{"start":{"line":162,"column":4},"end":{"line":162,"column":5}},"loc":{"start":{"line":162,"column":43},"end":{"line":168,"column":5}},"line":162},"8":{"name":"(anonymous_8)","decl":{"start":{"line":162,"column":43},"end":{"line":162,"column":44}},"loc":{"start":{"line":162,"column":79},"end":{"line":168,"column":5}},"line":162},"9":{"name":"(anonymous_9)","decl":{"start":{"line":165,"column":23},"end":{"line":165,"column":24}},"loc":{"start":{"line":165,"column":33},"end":{"line":165,"column":77}},"line":165},"10":{"name":"(anonymous_10)","decl":{"start":{"line":180,"column":4},"end":{"line":180,"column":5}},"loc":{"start":{"line":180,"column":43},"end":{"line":188,"column":5}},"line":180},"11":{"name":"(anonymous_11)","decl":{"start":{"line":180,"column":43},"end":{"line":180,"column":44}},"loc":{"start":{"line":180,"column":79},"end":{"line":188,"column":5}},"line":180},"12":{"name":"(anonymous_12)","decl":{"start":{"line":185,"column":8},"end":{"line":185,"column":9}},"loc":{"start":{"line":185,"column":18},"end":{"line":185,"column":64}},"line":185},"13":{"name":"(anonymous_13)","decl":{"start":{"line":193,"column":12},"end":{"line":193,"column":13}},"loc":{"start":{"line":193,"column":18},"end":{"line":196,"column":3}},"line":193},"14":{"name":"(anonymous_14)","decl":{"start":{"line":204,"column":12},"end":{"line":204,"column":13}},"loc":{"start":{"line":204,"column":18},"end":{"line":208,"column":3}},"line":204},"15":{"name":"(anonymous_15)","decl":{"start":{"line":214,"column":12},"end":{"line":214,"column":13}},"loc":{"start":{"line":214,"column":18},"end":{"line":218,"column":3}},"line":214},"16":{"name":"(anonymous_16)","decl":{"start":{"line":309,"column":23},"end":{"line":309,"column":24}},"loc":{"start":{"line":309,"column":29},"end":{"line":314,"column":15}},"line":309}},"branchMap":{"0":{"loc":{"start":{"line":48,"column":4},"end":{"line":50,"column":55}},"type":"cond-expr","locations":[{"start":{"line":49,"column":8},"end":{"line":49,"column":16}},{"start":{"line":50,"column":8},"end":{"line":50,"column":55}}],"line":48},"1":{"loc":{"start":{"line":78,"column":4},"end":{"line":90,"column":5}},"type":"if","locations":[{"start":{"line":78,"column":4},"end":{"line":90,"column":5}},{"start":{},"end":{}}],"line":78},"2":{"loc":{"start":{"line":80,"column":6},"end":{"line":88,"column":7}},"type":"if","locations":[{"start":{"line":80,"column":6},"end":{"line":88,"column":7}},{"start":{"line":86,"column":13},"end":{"line":88,"column":7}}],"line":80},"3":{"loc":{"start":{"line":105,"column":4},"end":{"line":113,"column":5}},"type":"if","locations":[{"start":{"line":105,"column":4},"end":{"line":113,"column":5}},{"start":{},"end":{}}],"line":105},"4":{"loc":{"start":{"line":107,"column":6},"end":{"line":111,"column":7}},"type":"if","locations":[{"start":{"line":107,"column":6},"end":{"line":111,"column":7}},{"start":{"line":109,"column":13},"end":{"line":111,"column":7}}],"line":107},"5":{"loc":{"start":{"line":123,"column":4},"end":{"line":127,"column":5}},"type":"if","locations":[{"start":{"line":123,"column":4},"end":{"line":127,"column":5}},{"start":{},"end":{}}],"line":123},"6":{"loc":{"start":{"line":128,"column":4},"end":{"line":128,"column":67}},"type":"if","locations":[{"start":{"line":128,"column":4},"end":{"line":128,"column":67}},{"start":{},"end":{}}],"line":128},"7":{"loc":{"start":{"line":139,"column":4},"end":{"line":143,"column":5}},"type":"if","locations":[{"start":{"line":139,"column":4},"end":{"line":143,"column":5}},{"start":{},"end":{}}],"line":139},"8":{"loc":{"start":{"line":144,"column":4},"end":{"line":144,"column":71}},"type":"if","locations":[{"start":{"line":144,"column":4},"end":{"line":144,"column":71}},{"start":{},"end":{}}],"line":144},"9":{"loc":{"start":{"line":165,"column":33},"end":{"line":165,"column":77}},"type":"binary-expr","locations":[{"start":{"line":165,"column":33},"end":{"line":165,"column":68}},{"start":{"line":165,"column":72},"end":{"line":165,"column":77}}],"line":165},"10":{"loc":{"start":{"line":185,"column":18},"end":{"line":185,"column":64}},"type":"binary-expr","locations":[{"start":{"line":185,"column":18},"end":{"line":185,"column":55}},{"start":{"line":185,"column":59},"end":{"line":185,"column":64}}],"line":185},"11":{"loc":{"start":{"line":194,"column":23},"end":{"line":194,"column":57}},"type":"binary-expr","locations":[{"start":{"line":194,"column":23},"end":{"line":194,"column":52}},{"start":{"line":194,"column":56},"end":{"line":194,"column":57}}],"line":194},"12":{"loc":{"start":{"line":205,"column":4},"end":{"line":207,"column":5}},"type":"if","locations":[{"start":{"line":205,"column":4},"end":{"line":207,"column":5}},{"start":{},"end":{}}],"line":205},"13":{"loc":{"start":{"line":215,"column":4},"end":{"line":217,"column":5}},"type":"if","locations":[{"start":{"line":215,"column":4},"end":{"line":217,"column":5}},{"start":{},"end":{}}],"line":215},"14":{"loc":{"start":{"line":235,"column":27},"end":{"line":235,"column":77}},"type":"cond-expr","locations":[{"start":{"line":235,"column":46},"end":{"line":235,"column":66}},{"start":{"line":235,"column":69},"end":{"line":235,"column":77}}],"line":235},"15":{"loc":{"start":{"line":248,"column":18},"end":{"line":248,"column":74}},"type":"cond-expr","locations":[{"start":{"line":248,"column":39},"end":{"line":248,"column":63}},{"start":{"line":248,"column":66},"end":{"line":248,"column":74}}],"line":248}},"s":{"0":2,"1":32,"2":32,"3":32,"4":32,"5":32,"6":32,"7":10,"8":32,"9":12,"10":32,"11":32,"12":31,"13":20,"14":20,"15":0,"16":0,"17":20,"18":20,"19":31,"20":32,"21":32,"22":31,"23":26,"24":26,"25":0,"26":26,"27":26,"28":31,"29":32,"30":14,"31":9,"32":9,"33":9,"34":14,"35":5,"36":14,"37":32,"38":16,"39":11,"40":11,"41":11,"42":16,"43":5,"44":16,"45":32,"46":32,"47":32,"48":32,"49":32,"50":32,"51":2,"52":2,"53":2,"54":2,"55":2,"56":32,"57":32,"58":32,"59":32,"60":32,"61":32,"62":2,"63":2,"64":2,"65":2,"66":2,"67":32,"68":32,"69":32,"70":3,"71":3,"72":32,"73":3,"74":0,"75":32,"76":3,"77":0,"78":32,"79":1,"80":1,"81":1,"82":1},"f":{"0":32,"1":10,"2":12,"3":31,"4":31,"5":14,"6":16,"7":32,"8":2,"9":2,"10":32,"11":2,"12":2,"13":3,"14":3,"15":3,"16":1},"b":{"0":[0,32],"1":[20,11],"2":[0,20],"3":[26,5],"4":[0,26],"5":[9,5],"6":[5,9],"7":[11,5],"8":[5,11],"9":[2,0],"10":[2,0],"11":[3,3],"12":[0,3],"13":[0,3],"14":[20,12],"15":[27,5]},"_coverageSchema":"1a1c01bbd47fc00a2c39e90264f33305004495a9","hash":"5c896b74d5c535a03ed3b49a2db89edc88dcd520"}
,"/home/olga/Desktop/tictactrip_test_frontend/src/components/OptionsCity.tsx": {"path":"/home/olga/Desktop/tictactrip_test_frontend/src/components/OptionsCity.tsx","statementMap":{"0":{"start":{"line":18,"column":20},"end":{"line":133,"column":1}},"1":{"start":{"line":33,"column":6},"end":{"line":33,"column":11}},"2":{"start":{"line":35,"column":38},"end":{"line":35,"column":62}},"3":{"start":{"line":37,"column":27},"end":{"line":39,"column":3}},"4":{"start":{"line":38,"column":4},"end":{"line":38,"column":24}},"5":{"start":{"line":42,"column":27},"end":{"line":44,"column":3}},"6":{"start":{"line":43,"column":4},"end":{"line":43,"column":25}},"7":{"start":{"line":46,"column":15},"end":{"line":46,"column":41}},"8":{"start":{"line":51,"column":19},"end":{"line":60,"column":3}},"9":{"start":{"line":52,"column":25},"end":{"line":52,"column":27}},"10":{"start":{"line":53,"column":26},"end":{"line":53,"column":49}},"11":{"start":{"line":54,"column":4},"end":{"line":57,"column":5}},"12":{"start":{"line":54,"column":25},"end":{"line":54,"column":26}},"13":{"start":{"line":55,"column":6},"end":{"line":55,"column":31}},"14":{"start":{"line":56,"column":6},"end":{"line":56,"column":55}},"15":{"start":{"line":56,"column":32},"end":{"line":56,"column":55}},"16":{"start":{"line":58,"column":4},"end":{"line":58,"column":26}},"17":{"start":{"line":59,"column":4},"end":{"line":59,"column":18}},"18":{"start":{"line":63,"column":26},"end":{"line":63,"column":49}},"19":{"start":{"line":65,"column":2},"end":{"line":132,"column":4}},"20":{"start":{"line":72,"column":8},"end":{"line":84,"column":9}},"21":{"start":{"line":73,"column":10},"end":{"line":77,"column":13}},"22":{"start":{"line":79,"column":10},"end":{"line":83,"column":13}},"23":{"start":{"line":85,"column":8},"end":{"line":85,"column":25}},"24":{"start":{"line":86,"column":8},"end":{"line":86,"column":23}}},"fnMap":{"0":{"name":"(anonymous_0)","decl":{"start":{"line":18,"column":20},"end":{"line":18,"column":21}},"loc":{"start":{"line":25,"column":6},"end":{"line":133,"column":1}},"line":25},"1":{"name":"(anonymous_1)","decl":{"start":{"line":37,"column":27},"end":{"line":37,"column":28}},"loc":{"start":{"line":37,"column":39},"end":{"line":39,"column":3}},"line":37},"2":{"name":"(anonymous_2)","decl":{"start":{"line":42,"column":27},"end":{"line":42,"column":28}},"loc":{"start":{"line":42,"column":33},"end":{"line":44,"column":3}},"line":42},"3":{"name":"(anonymous_3)","decl":{"start":{"line":51,"column":19},"end":{"line":51,"column":20}},"loc":{"start":{"line":51,"column":25},"end":{"line":60,"column":3}},"line":51},"4":{"name":"(anonymous_4)","decl":{"start":{"line":71,"column":15},"end":{"line":71,"column":16}},"loc":{"start":{"line":71,"column":21},"end":{"line":87,"column":7}},"line":71}},"branchMap":{"0":{"loc":{"start":{"line":56,"column":6},"end":{"line":56,"column":55}},"type":"if","locations":[{"start":{"line":56,"column":6},"end":{"line":56,"column":55}},{"start":{},"end":{}}],"line":56},"1":{"loc":{"start":{"line":72,"column":8},"end":{"line":84,"column":9}},"type":"if","locations":[{"start":{"line":72,"column":8},"end":{"line":84,"column":9}},{"start":{"line":78,"column":15},"end":{"line":84,"column":9}}],"line":72},"2":{"loc":{"start":{"line":89,"column":25},"end":{"line":89,"column":68}},"type":"cond-expr","locations":[{"start":{"line":89,"column":38},"end":{"line":89,"column":58}},{"start":{"line":89,"column":61},"end":{"line":89,"column":68}}],"line":89}},"s":{"0":5,"1":14,"2":14,"3":14,"4":0,"5":14,"6":0,"7":14,"8":14,"9":14,"10":14,"11":14,"12":14,"13":16,"14":16,"15":2,"16":14,"17":14,"18":14,"19":14,"20":1,"21":0,"22":1,"23":1,"24":1},"f":{"0":14,"1":0,"2":0,"3":14,"4":1},"b":{"0":[2,14],"1":[0,1],"2":[0,14]},"_coverageSchema":"1a1c01bbd47fc00a2c39e90264f33305004495a9","hash":"8337c35b4fa950b668d35fe41dc0164ca6cc5a21"}
,"/home/olga/Desktop/tictactrip_test_frontend/src/components/PoperBoard.tsx": {"path":"/home/olga/Desktop/tictactrip_test_frontend/src/components/PoperBoard.tsx","statementMap":{"0":{"start":{"line":10,"column":19},"end":{"line":100,"column":1}},"1":{"start":{"line":41,"column":6},"end":{"line":41,"column":11}},"2":{"start":{"line":43,"column":18},"end":{"line":45,"column":3}},"3":{"start":{"line":44,"column":4},"end":{"line":44,"column":19}},"4":{"start":{"line":47,"column":2},"end":{"line":99,"column":4}},"5":{"start":{"line":57,"column":8},"end":{"line":96,"column":15}},"6":{"start":{"line":83,"column":18},"end":{"line":91,"column":20}}},"fnMap":{"0":{"name":"(anonymous_0)","decl":{"start":{"line":10,"column":19},"end":{"line":10,"column":20}},"loc":{"start":{"line":10,"column":35},"end":{"line":100,"column":1}},"line":10},"1":{"name":"(anonymous_1)","decl":{"start":{"line":43,"column":18},"end":{"line":43,"column":19}},"loc":{"start":{"line":43,"column":24},"end":{"line":45,"column":3}},"line":43},"2":{"name":"(anonymous_2)","decl":{"start":{"line":56,"column":7},"end":{"line":56,"column":8}},"loc":{"start":{"line":57,"column":8},"end":{"line":96,"column":15}},"line":57},"3":{"name":"(anonymous_3)","decl":{"start":{"line":82,"column":27},"end":{"line":82,"column":28}},"loc":{"start":{"line":83,"column":18},"end":{"line":91,"column":20}},"line":83}},"branchMap":{},"s":{"0":4,"1":74,"2":74,"3":0,"4":74,"5":56,"6":18},"f":{"0":74,"1":0,"2":56,"3":18},"b":{},"_coverageSchema":"1a1c01bbd47fc00a2c39e90264f33305004495a9","hash":"6caae38043a4816f2398e86fd707536762a39eba"}
,"/home/olga/Desktop/tictactrip_test_frontend/src/components/SearchBar.tsx": {"path":"/home/olga/Desktop/tictactrip_test_frontend/src/components/SearchBar.tsx","statementMap":{"0":{"start":{"line":15,"column":25},"end":{"line":167,"column":1}},"1":{"start":{"line":17,"column":26},"end":{"line":17,"column":46}},"2":{"start":{"line":18,"column":40},"end":{"line":22,"column":4}},"3":{"start":{"line":24,"column":44},"end":{"line":24,"column":68}},"4":{"start":{"line":25,"column":34},"end":{"line":25,"column":68}},"5":{"start":{"line":26,"column":26},"end":{"line":26,"column":41}},"6":{"start":{"line":27,"column":36},"end":{"line":27,"column":67}},"7":{"start":{"line":28,"column":19},"end":{"line":28,"column":56}},"8":{"start":{"line":29,"column":40},"end":{"line":29,"column":59}},"9":{"start":{"line":31,"column":32},"end":{"line":31,"column":56}},"10":{"start":{"line":34,"column":36},"end":{"line":34,"column":59}},"11":{"start":{"line":37,"column":19},"end":{"line":37,"column":32}},"12":{"start":{"line":40,"column":2},"end":{"line":47,"column":20}},"13":{"start":{"line":41,"column":4},"end":{"line":45,"column":5}},"14":{"start":{"line":42,"column":6},"end":{"line":42,"column":30}},"15":{"start":{"line":43,"column":18},"end":{"line":43,"column":95}},"16":{"start":{"line":44,"column":6},"end":{"line":44,"column":30}},"17":{"start":{"line":46,"column":4},"end":{"line":46,"column":66}},"18":{"start":{"line":46,"column":43},"end":{"line":46,"column":66}},"19":{"start":{"line":51,"column":2},"end":{"line":56,"column":46}},"20":{"start":{"line":52,"column":4},"end":{"line":55,"column":5}},"21":{"start":{"line":53,"column":18},"end":{"line":53,"column":63}},"22":{"start":{"line":54,"column":6},"end":{"line":54,"column":30}},"23":{"start":{"line":59,"column":28},"end":{"line":66,"column":3}},"24":{"start":{"line":62,"column":4},"end":{"line":65,"column":7}},"25":{"start":{"line":71,"column":4},"end":{"line":76,"column":5}},"26":{"start":{"line":71,"column":43},"end":{"line":76,"column":5}},"27":{"start":{"line":72,"column":6},"end":{"line":72,"column":68}},"28":{"start":{"line":72,"column":45},"end":{"line":72,"column":68}},"29":{"start":{"line":73,"column":6},"end":{"line":73,"column":39}},"30":{"start":{"line":74,"column":6},"end":{"line":74,"column":61}},"31":{"start":{"line":74,"column":24},"end":{"line":74,"column":59}},"32":{"start":{"line":75,"column":6},"end":{"line":75,"column":33}},"33":{"start":{"line":78,"column":2},"end":{"line":81,"column":17}},"34":{"start":{"line":79,"column":23},"end":{"line":79,"column":57}},"35":{"start":{"line":80,"column":4},"end":{"line":80,"column":31}},"36":{"start":{"line":84,"column":2},"end":{"line":88,"column":26}},"37":{"start":{"line":85,"column":4},"end":{"line":87,"column":5}},"38":{"start":{"line":86,"column":6},"end":{"line":86,"column":29}},"39":{"start":{"line":100,"column":2},"end":{"line":166,"column":4}},"40":{"start":{"line":153,"column":16},"end":{"line":157,"column":19}},"41":{"start":{"line":158,"column":16},"end":{"line":158,"column":39}}},"fnMap":{"0":{"name":"(anonymous_0)","decl":{"start":{"line":15,"column":25},"end":{"line":15,"column":26}},"loc":{"start":{"line":15,"column":31},"end":{"line":167,"column":1}},"line":15},"1":{"name":"(anonymous_1)","decl":{"start":{"line":40,"column":12},"end":{"line":40,"column":13}},"loc":{"start":{"line":40,"column":18},"end":{"line":47,"column":3}},"line":40},"2":{"name":"(anonymous_2)","decl":{"start":{"line":51,"column":12},"end":{"line":51,"column":13}},"loc":{"start":{"line":51,"column":18},"end":{"line":56,"column":3}},"line":51},"3":{"name":"(anonymous_3)","decl":{"start":{"line":59,"column":28},"end":{"line":59,"column":29}},"loc":{"start":{"line":61,"column":13},"end":{"line":66,"column":3}},"line":61},"4":{"name":"(anonymous_4)","decl":{"start":{"line":71,"column":4},"end":{"line":71,"column":5}},"loc":{"start":{"line":71,"column":43},"end":{"line":76,"column":5}},"line":71},"5":{"name":"(anonymous_5)","decl":{"start":{"line":71,"column":43},"end":{"line":71,"column":44}},"loc":{"start":{"line":71,"column":79},"end":{"line":76,"column":5}},"line":71},"6":{"name":"(anonymous_6)","decl":{"start":{"line":74,"column":14},"end":{"line":74,"column":15}},"loc":{"start":{"line":74,"column":24},"end":{"line":74,"column":59}},"line":74},"7":{"name":"(anonymous_7)","decl":{"start":{"line":78,"column":12},"end":{"line":78,"column":13}},"loc":{"start":{"line":78,"column":18},"end":{"line":81,"column":3}},"line":78},"8":{"name":"(anonymous_8)","decl":{"start":{"line":84,"column":12},"end":{"line":84,"column":13}},"loc":{"start":{"line":84,"column":18},"end":{"line":88,"column":3}},"line":84},"9":{"name":"(anonymous_9)","decl":{"start":{"line":152,"column":23},"end":{"line":152,"column":24}},"loc":{"start":{"line":152,"column":29},"end":{"line":159,"column":15}},"line":152}},"branchMap":{"0":{"loc":{"start":{"line":41,"column":4},"end":{"line":45,"column":5}},"type":"if","locations":[{"start":{"line":41,"column":4},"end":{"line":45,"column":5}},{"start":{},"end":{}}],"line":41},"1":{"loc":{"start":{"line":46,"column":4},"end":{"line":46,"column":66}},"type":"if","locations":[{"start":{"line":46,"column":4},"end":{"line":46,"column":66}},{"start":{},"end":{}}],"line":46},"2":{"loc":{"start":{"line":52,"column":4},"end":{"line":55,"column":5}},"type":"if","locations":[{"start":{"line":52,"column":4},"end":{"line":55,"column":5}},{"start":{},"end":{}}],"line":52},"3":{"loc":{"start":{"line":52,"column":8},"end":{"line":52,"column":67}},"type":"binary-expr","locations":[{"start":{"line":52,"column":8},"end":{"line":52,"column":30}},{"start":{"line":52,"column":34},"end":{"line":52,"column":67}}],"line":52},"4":{"loc":{"start":{"line":72,"column":6},"end":{"line":72,"column":68}},"type":"if","locations":[{"start":{"line":72,"column":6},"end":{"line":72,"column":68}},{"start":{},"end":{}}],"line":72},"5":{"loc":{"start":{"line":74,"column":24},"end":{"line":74,"column":59}},"type":"binary-expr","locations":[{"start":{"line":74,"column":24},"end":{"line":74,"column":50}},{"start":{"line":74,"column":54},"end":{"line":74,"column":59}}],"line":74},"6":{"loc":{"start":{"line":79,"column":23},"end":{"line":79,"column":57}},"type":"binary-expr","locations":[{"start":{"line":79,"column":23},"end":{"line":79,"column":52}},{"start":{"line":79,"column":56},"end":{"line":79,"column":57}}],"line":79},"7":{"loc":{"start":{"line":85,"column":4},"end":{"line":87,"column":5}},"type":"if","locations":[{"start":{"line":85,"column":4},"end":{"line":87,"column":5}},{"start":{},"end":{}}],"line":85},"8":{"loc":{"start":{"line":124,"column":25},"end":{"line":124,"column":77}},"type":"cond-expr","locations":[{"start":{"line":124,"column":41},"end":{"line":124,"column":66}},{"start":{"line":124,"column":69},"end":{"line":124,"column":77}}],"line":124},"9":{"loc":{"start":{"line":142,"column":16},"end":{"line":144,"column":42}},"type":"cond-expr","locations":[{"start":{"line":143,"column":20},"end":{"line":143,"column":39}},{"start":{"line":144,"column":20},"end":{"line":144,"column":42}}],"line":142}},"s":{"0":2,"1":8,"2":8,"3":8,"4":8,"5":8,"6":8,"7":8,"8":8,"9":8,"10":8,"11":8,"12":8,"13":4,"14":1,"15":1,"16":1,"17":4,"18":3,"19":8,"20":8,"21":7,"22":7,"23":8,"24":1,"25":8,"26":8,"27":0,"28":0,"29":0,"30":0,"31":0,"32":0,"33":8,"34":3,"35":3,"36":8,"37":3,"38":0,"39":8,"40":0,"41":0},"f":{"0":8,"1":4,"2":8,"3":1,"4":8,"5":0,"6":0,"7":3,"8":3,"9":0},"b":{"0":[1,3],"1":[3,1],"2":[7,1],"3":[8,4],"4":[0,0],"5":[0,0],"6":[3,3],"7":[0,3],"8":[4,4],"9":[0,8]},"_coverageSchema":"1a1c01bbd47fc00a2c39e90264f33305004495a9","hash":"26f78d5eb37e92df45f01b1689a308ebc6b68ef9"}
,"/home/olga/Desktop/tictactrip_test_frontend/src/components/stylesItinerary.tsx": {"path":"/home/olga/Desktop/tictactrip_test_frontend/src/components/stylesItinerary.tsx","statementMap":{"0":{"start":{"line":4,"column":37},"end":{"line":26,"column":2}},"1":{"start":{"line":5,"column":2},"end":{"line":25,"column":4}},"2":{"start":{"line":28,"column":27},"end":{"line":33,"column":2}},"3":{"start":{"line":35,"column":32},"end":{"line":56,"column":1}},"4":{"start":{"line":37,"column":4},"end":{"line":54,"column":6}},"5":{"start":{"line":58,"column":53},"end":{"line":75,"column":1}},"6":{"start":{"line":77,"column":53},"end":{"line":82,"column":1}},"7":{"start":{"line":84,"column":30},"end":{"line":114,"column":1}},"8":{"start":{"line":116,"column":33},"end":{"line":124,"column":1}}},"fnMap":{"0":{"name":"(anonymous_0)","decl":{"start":{"line":4,"column":59},"end":{"line":4,"column":60}},"loc":{"start":{"line":4,"column":74},"end":{"line":26,"column":1}},"line":4},"1":{"name":"(anonymous_1)","decl":{"start":{"line":36,"column":2},"end":{"line":36,"column":3}},"loc":{"start":{"line":36,"column":17},"end":{"line":55,"column":3}},"line":36}},"branchMap":{},"s":{"0":2,"1":32,"2":2,"3":2,"4":0,"5":2,"6":2,"7":2,"8":2},"f":{"0":32,"1":0},"b":{},"_coverageSchema":"1a1c01bbd47fc00a2c39e90264f33305004495a9","hash":"144a24c1139af27c281bab1c583348c47f305d62"}
,"/home/olga/Desktop/tictactrip_test_frontend/src/context/CityContext.tsx": {"path":"/home/olga/Desktop/tictactrip_test_frontend/src/context/CityContext.tsx","statementMap":{"0":{"start":{"line":4,"column":20},"end":{"line":7,"column":2}}},"fnMap":{"0":{"name":"(anonymous_0)","decl":{"start":{"line":6,"column":15},"end":{"line":6,"column":16}},"loc":{"start":{"line":6,"column":37},"end":{"line":6,"column":39}},"line":6}},"branchMap":{},"s":{"0":5},"f":{"0":92},"b":{},"_coverageSchema":"1a1c01bbd47fc00a2c39e90264f33305004495a9","hash":"d4b884450ba733a2bcbe4ca6d0f5ba962644655b"}
,"/home/olga/Desktop/tictactrip_test_frontend/src/tools/fonctions.tsx": {"path":"/home/olga/Desktop/tictactrip_test_frontend/src/tools/fonctions.tsx","statementMap":{"0":{"start":{"line":11,"column":2},"end":{"line":30,"column":3}},"1":{"start":{"line":12,"column":4},"end":{"line":29,"column":9}},"2":{"start":{"line":19,"column":8},"end":{"line":21,"column":9}},"3":{"start":{"line":20,"column":10},"end":{"line":20,"column":75}},"4":{"start":{"line":22,"column":8},"end":{"line":22,"column":31}},"5":{"start":{"line":25,"column":8},"end":{"line":25,"column":25}},"6":{"start":{"line":28,"column":8},"end":{"line":28,"column":29}},"7":{"start":{"line":33,"column":27},"end":{"line":36,"column":1}},"8":{"start":{"line":34,"column":26},"end":{"line":34,"column":50}},"9":{"start":{"line":35,"column":2},"end":{"line":35,"column":15}}},"fnMap":{"0":{"name":"fetchData","decl":{"start":{"line":7,"column":16},"end":{"line":7,"column":25}},"loc":{"start":{"line":10,"column":2},"end":{"line":31,"column":1}},"line":10},"1":{"name":"(anonymous_1)","decl":{"start":{"line":18,"column":12},"end":{"line":18,"column":13}},"loc":{"start":{"line":18,"column":26},"end":{"line":23,"column":7}},"line":18},"2":{"name":"(anonymous_2)","decl":{"start":{"line":24,"column":12},"end":{"line":24,"column":13}},"loc":{"start":{"line":24,"column":22},"end":{"line":26,"column":7}},"line":24},"3":{"name":"(anonymous_3)","decl":{"start":{"line":27,"column":13},"end":{"line":27,"column":14}},"loc":{"start":{"line":27,"column":24},"end":{"line":29,"column":7}},"line":27},"4":{"name":"(anonymous_4)","decl":{"start":{"line":33,"column":27},"end":{"line":33,"column":28}},"loc":{"start":{"line":33,"column":49},"end":{"line":36,"column":1}},"line":33}},"branchMap":{"0":{"loc":{"start":{"line":11,"column":2},"end":{"line":30,"column":3}},"type":"if","locations":[{"start":{"line":11,"column":2},"end":{"line":30,"column":3}},{"start":{},"end":{}}],"line":11},"1":{"loc":{"start":{"line":19,"column":8},"end":{"line":21,"column":9}},"type":"if","locations":[{"start":{"line":19,"column":8},"end":{"line":21,"column":9}},{"start":{},"end":{}}],"line":19}},"s":{"0":10,"1":10,"2":2,"3":1,"4":1,"5":1,"6":1,"7":5,"8":31,"9":31},"f":{"0":10,"1":2,"2":1,"3":1,"4":31},"b":{"0":[10,0],"1":[1,1]},"_coverageSchema":"1a1c01bbd47fc00a2c39e90264f33305004495a9","hash":"8420cb361b2764d2448d24586aa7114761c11439"}
,"/home/olga/Desktop/tictactrip_test_frontend/src/tools/imagesSVG.tsx": {"path":"/home/olga/Desktop/tictactrip_test_frontend/src/tools/imagesSVG.tsx","statementMap":{"0":{"start":{"line":4,"column":2},"end":{"line":14,"column":4}},"1":{"start":{"line":18,"column":2},"end":{"line":22,"column":4}}},"fnMap":{"0":{"name":"CityIcon","decl":{"start":{"line":3,"column":16},"end":{"line":3,"column":24}},"loc":{"start":{"line":3,"column":37},"end":{"line":15,"column":1}},"line":3},"1":{"name":"ButtonIcon","decl":{"start":{"line":17,"column":16},"end":{"line":17,"column":26}},"loc":{"start":{"line":17,"column":39},"end":{"line":23,"column":1}},"line":17}},"branchMap":{},"s":{"0":14,"1":32},"f":{"0":14,"1":32},"b":{},"_coverageSchema":"1a1c01bbd47fc00a2c39e90264f33305004495a9","hash":"a2176f339eb3910b3d8ea2ab29f2d583c66c420d"}
}
