TN:
SF:src/App.tsx
FN:9,App
FNF:1
FNH:1
FNDA:1,App
DA:10,1
DA:16,1
LF:2
LH:2
BRF:0
BRH:0
end_of_record
TN:
SF:src/index.tsx
FNF:0
FNH:0
DA:5,0
DA:8,0
LF:2
LH:0
BRF:0
BRH:0
end_of_record
TN:
SF:src/components/Itinerary.tsx
FN:3,(anonymous_0)
FNF:1
FNH:0
FNDA:0,(anonymous_0)
DA:3,0
DA:4,0
LF:2
LH:0
BRF:0
BRH:0
end_of_record
TN:
SF:src/components/Itinerary1.tsx
FN:33,(anonymous_0)
FN:53,(anonymous_1)
FN:63,(anonymous_2)
FN:77,(anonymous_3)
FN:104,(anonymous_4)
FN:122,(anonymous_5)
FN:138,(anonymous_6)
FN:162,(anonymous_7)
FN:162,(anonymous_8)
FN:165,(anonymous_9)
FN:180,(anonymous_10)
FN:180,(anonymous_11)
FN:185,(anonymous_12)
FN:193,(anonymous_13)
FN:204,(anonymous_14)
FN:214,(anonymous_15)
FN:309,(anonymous_16)
FNF:17
FNH:17
FNDA:32,(anonymous_0)
FNDA:10,(anonymous_1)
FNDA:12,(anonymous_2)
FNDA:31,(anonymous_3)
FNDA:31,(anonymous_4)
FNDA:14,(anonymous_5)
FNDA:16,(anonymous_6)
FNDA:32,(anonymous_7)
FNDA:2,(anonymous_8)
FNDA:2,(anonymous_9)
FNDA:32,(anonymous_10)
FNDA:2,(anonymous_11)
FNDA:2,(anonymous_12)
FNDA:3,(anonymous_13)
FNDA:3,(anonymous_14)
FNDA:3,(anonymous_15)
FNDA:1,(anonymous_16)
DA:33,2
DA:34,32
DA:35,32
DA:37,32
DA:41,32
DA:47,32
DA:53,32
DA:56,10
DA:63,32
DA:66,12
DA:75,32
DA:77,32
DA:78,31
DA:79,20
DA:80,20
DA:81,0
DA:85,0
DA:87,20
DA:89,20
DA:91,31
DA:102,32
DA:104,32
DA:105,31
DA:106,26
DA:107,26
DA:108,0
DA:110,26
DA:112,26
DA:114,31
DA:122,32
DA:123,14
DA:124,9
DA:125,9
DA:126,9
DA:128,14
DA:129,14
DA:138,32
DA:139,16
DA:140,11
DA:141,11
DA:142,11
DA:144,16
DA:145,16
DA:153,32
DA:155,32
DA:156,32
DA:158,32
DA:162,32
DA:164,2
DA:165,2
DA:166,2
DA:167,2
DA:171,32
DA:173,32
DA:174,32
DA:176,32
DA:180,32
DA:182,2
DA:183,2
DA:184,2
DA:185,2
DA:187,2
DA:191,32
DA:192,32
DA:193,32
DA:194,3
DA:195,3
DA:204,32
DA:205,3
DA:206,0
DA:214,32
DA:215,3
DA:216,0
DA:220,32
DA:310,1
DA:311,1
DA:312,1
DA:313,1
LF:78
LH:73
BRDA:48,0,0,0
BRDA:48,0,1,32
BRDA:78,1,0,20
BRDA:78,1,1,11
BRDA:80,2,0,0
BRDA:80,2,1,20
BRDA:105,3,0,26
BRDA:105,3,1,5
BRDA:107,4,0,0
BRDA:107,4,1,26
BRDA:123,5,0,9
BRDA:123,5,1,5
BRDA:128,6,0,5
BRDA:128,6,1,9
BRDA:139,7,0,11
BRDA:139,7,1,5
BRDA:144,8,0,5
BRDA:144,8,1,11
BRDA:165,9,0,2
BRDA:165,9,1,0
BRDA:185,10,0,2
BRDA:185,10,1,0
BRDA:194,11,0,3
BRDA:194,11,1,3
BRDA:205,12,0,0
BRDA:205,12,1,3
BRDA:215,13,0,0
BRDA:215,13,1,3
BRDA:235,14,0,20
BRDA:235,14,1,12
BRDA:248,15,0,27
BRDA:248,15,1,5
BRF:32
BRH:25
end_of_record
TN:
SF:src/components/OptionsCity.tsx
FN:18,(anonymous_0)
FN:37,(anonymous_1)
FN:42,(anonymous_2)
FN:51,(anonymous_3)
FN:71,(anonymous_4)
FNF:5
FNH:3
FNDA:14,(anonymous_0)
FNDA:0,(anonymous_1)
FNDA:0,(anonymous_2)
FNDA:14,(anonymous_3)
FNDA:1,(anonymous_4)
DA:18,5
DA:33,14
DA:35,14
DA:37,14
DA:38,0
DA:42,14
DA:43,0
DA:46,14
DA:51,14
DA:52,14
DA:53,14
DA:54,14
DA:55,16
DA:56,16
DA:58,14
DA:59,14
DA:63,14
DA:65,14
DA:72,1
DA:73,0
DA:79,1
DA:85,1
DA:86,1
LF:23
LH:20
BRDA:56,0,0,2
BRDA:56,0,1,14
BRDA:72,1,0,0
BRDA:72,1,1,1
BRDA:89,2,0,0
BRDA:89,2,1,14
BRF:6
BRH:4
end_of_record
TN:
SF:src/components/PoperBoard.tsx
FN:10,(anonymous_0)
FN:43,(anonymous_1)
FN:56,(anonymous_2)
FN:82,(anonymous_3)
FNF:4
FNH:3
FNDA:74,(anonymous_0)
FNDA:0,(anonymous_1)
FNDA:56,(anonymous_2)
FNDA:18,(anonymous_3)
DA:10,4
DA:41,74
DA:43,74
DA:44,0
DA:47,74
DA:57,56
DA:83,18
LF:7
LH:6
BRF:0
BRH:0
end_of_record
TN:
SF:src/components/SearchBar.tsx
FN:15,(anonymous_0)
FN:40,(anonymous_1)
FN:51,(anonymous_2)
FN:59,(anonymous_3)
FN:71,(anonymous_4)
FN:71,(anonymous_5)
FN:74,(anonymous_6)
FN:78,(anonymous_7)
FN:84,(anonymous_8)
FN:152,(anonymous_9)
FNF:10
FNH:7
FNDA:8,(anonymous_0)
FNDA:4,(anonymous_1)
FNDA:8,(anonymous_2)
FNDA:1,(anonymous_3)
FNDA:8,(anonymous_4)
FNDA:0,(anonymous_5)
FNDA:0,(anonymous_6)
FNDA:3,(anonymous_7)
FNDA:3,(anonymous_8)
FNDA:0,(anonymous_9)
DA:15,2
DA:17,8
DA:18,8
DA:24,8
DA:25,8
DA:26,8
DA:27,8
DA:28,8
DA:29,8
DA:31,8
DA:34,8
DA:37,8
DA:40,8
DA:41,4
DA:42,1
DA:43,1
DA:44,1
DA:46,4
DA:51,8
DA:52,8
DA:53,7
DA:54,7
DA:59,8
DA:62,1
DA:71,8
DA:72,0
DA:73,0
DA:74,0
DA:75,0
DA:78,8
DA:79,3
DA:80,3
DA:84,8
DA:85,3
DA:86,0
DA:100,8
DA:153,0
DA:158,0
LF:38
LH:31
BRDA:41,0,0,1
BRDA:41,0,1,3
BRDA:46,1,0,3
BRDA:46,1,1,1
BRDA:52,2,0,7
BRDA:52,2,1,1
BRDA:52,3,0,8
BRDA:52,3,1,4
BRDA:72,4,0,0
BRDA:72,4,1,0
BRDA:74,5,0,0
BRDA:74,5,1,0
BRDA:79,6,0,3
BRDA:79,6,1,3
BRDA:85,7,0,0
BRDA:85,7,1,3
BRDA:124,8,0,4
BRDA:124,8,1,4
BRDA:142,9,0,0
BRDA:142,9,1,8
BRF:20
BRH:14
end_of_record
TN:
SF:src/components/stylesItinerary.tsx
FN:4,(anonymous_0)
FN:36,(anonymous_1)
FNF:2
FNH:1
FNDA:32,(anonymous_0)
FNDA:0,(anonymous_1)
DA:4,2
DA:5,32
DA:28,2
DA:35,2
DA:37,0
DA:58,2
DA:77,2
DA:84,2
DA:116,2
LF:9
LH:8
BRF:0
BRH:0
end_of_record
TN:
SF:src/context/CityContext.tsx
FN:6,(anonymous_0)
FNF:1
FNH:1
FNDA:92,(anonymous_0)
DA:4,5
LF:1
LH:1
BRF:0
BRH:0
end_of_record
TN:
SF:src/tools/fonctions.tsx
FN:7,fetchData
FN:18,(anonymous_1)
FN:24,(anonymous_2)
FN:27,(anonymous_3)
FN:33,(anonymous_4)
FNF:5
FNH:5
FNDA:10,fetchData
FNDA:2,(anonymous_1)
FNDA:1,(anonymous_2)
FNDA:1,(anonymous_3)
FNDA:31,(anonymous_4)
DA:11,10
DA:12,10
DA:19,2
DA:20,1
DA:22,1
DA:25,1
DA:28,1
DA:33,5
DA:34,31
DA:35,31
LF:10
LH:10
BRDA:11,0,0,10
BRDA:11,0,1,0
BRDA:19,1,0,1
BRDA:19,1,1,1
BRF:4
BRH:3
end_of_record
TN:
SF:src/tools/imagesSVG.tsx
FN:3,CityIcon
FN:17,ButtonIcon
FNF:2
FNH:2
FNDA:14,CityIcon
FNDA:32,ButtonIcon
DA:4,14
DA:18,32
LF:2
LH:2
BRF:0
BRH:0
end_of_record
